<?xml version="1.0" encoding="UTF-8" standalone="yes"?><!DOCTYPE report PUBLIC "-//JACOCO//DTD Report 1.1//EN" "report.dtd"><report name="mediscreen-report"><sessioninfo id="adrien-23-b000ef-345cd401" start="1628269972872" dump="1628270002640"/><sessioninfo id="adrien-23-b000ef-56fc8c0b" start="1628270231142" dump="1628270259128"/><sessioninfo id="adrien-23-b000ef-e561ef97" start="1628270310074" dump="1628270337713"/><sessioninfo id="adrien-23-b000ef-6c824d25" start="1628344507019" dump="1628344528225"/><sessioninfo id="adrien-23-b000ef-74e364dc" start="1628353104970" dump="1628353131053"/><sessioninfo id="adrien-23-b000ef-eae9a26a" start="1628419232440" dump="1628419273160"/><sessioninfo id="adrien-23-b000ef-15ca616a" start="1628422286095" dump="1628422310372"/><sessioninfo id="adrien-23-b000ef-55bc2c13" start="1628422396290" dump="1628422432335"/><sessioninfo id="adrien-23-b000ef-773a1987" start="1628422878926" dump="1628422905743"/><sessioninfo id="adrien-23-b000ef-b1034d4f" start="1628423589315" dump="1628423618469"/><sessioninfo id="adrien-23-b000ef-ef7181f3" start="1628423631883" dump="1628423654068"/><sessioninfo id="adrien-23-b000ef-22fee3c0" start="1628424095740" dump="1628424122628"/><sessioninfo id="adrien-23-b000ef-9d9c674b" start="1628426608807" dump="1628426629990"/><sessioninfo id="adrien-23-b000ef-589e6e0d" start="1628427224783" dump="1628427247392"/><sessioninfo id="adrien-23-b000ef-8acd787f" start="1628435065735" dump="1628435092074"/><sessioninfo id="adrien-23-b000ef-b2d8b78d" start="1628435547520" dump="1628435577504"/><sessioninfo id="adrien-23-b000ef-48490a4a" start="1628442202026" dump="1628442238002"/><sessioninfo id="adrien-23-b000ef-4603be02" start="1628442821628" dump="1628442866039"/><sessioninfo id="adrien-23-b000ef-24be9912" start="1628510615190" dump="1628510643206"/><sessioninfo id="adrien-23-b000ef-a9cd3c2" start="1628511198324" dump="1628511219177"/><sessioninfo id="adrien-23-b000ef-512e7b12" start="1628513904331" dump="1628513935972"/><sessioninfo id="adrien-23-b000ef-10ad9791" start="1628515174194" dump="1628515294034"/><sessioninfo id="adrien-23-b000ef-4a617ae6" start="1628521682511" dump="1628521751334"/><sessioninfo id="adrien-23-b000ef-bcf5856e" start="1628522239195" dump="1628522259214"/><sessioninfo id="adrien-23-b000ef-2286f823" start="1628678250081" dump="1628678308310"/><sessioninfo id="adrien-23-b000ef-90d09a13" start="1628679509318" dump="1628679536548"/><sessioninfo id="adrien-23-b000ef-a7a6c5cf" start="1628680427337" dump="1628680465086"/><sessioninfo id="adrien-23-b000ef-d46f0046" start="1628700353974" dump="1628700400308"/><sessioninfo id="adrien-23-b000ef-f4ff7965" start="1628861172646" dump="1628861194951"/><sessioninfo id="adrien-23-b000ef-e9e30cf9" start="1628861303131" dump="1628861324580"/><sessioninfo id="adrien-23-b000ef-71f9d58f" start="1628861511570" dump="1628861535077"/><sessioninfo id="adrien-23-b000ef-61ab71ce" start="1628865963217" dump="1628866022365"/><sessioninfo id="adrien-23-b000ef-8f3c92fb" start="1628869368850" dump="1628869392013"/><sessioninfo id="adrien-23-b000ef-c4ced5d6" start="1628937721139" dump="1628937771549"/><sessioninfo id="adrien-23-b000ef-af9b0677" start="1628940475904" dump="1628940497579"/><sessioninfo id="adrien-23-b000ef-f78df4ba" start="1628940716720" dump="1628940738565"/><sessioninfo id="adrien-23-b000ef-1627977c" start="1628940804588" dump="1628940831054"/><sessioninfo id="adrien-23-b000ef-a2d23ad4" start="1628947877869" dump="1628947900339"/><sessioninfo id="adrien-23-b000ef-62954660" start="1628948970306" dump="1628948996054"/><sessioninfo id="adrien-23-b000ef-1f27cd19" start="1629023541384" dump="1629023579306"/><sessioninfo id="adrien-23-b000ef-9ed5ed1c" start="1629029715794" dump="1629029810884"/><sessioninfo id="adrien-23-b000ef-95a9a955" start="1629045666082" dump="1629045710928"/><sessioninfo id="adrien-23-b000ef-8a7b0db9" start="1629046724113" dump="1629046755058"/><sessioninfo id="adrien-23-b000ef-605f4e83" start="1629047163325" dump="1629047188581"/><sessioninfo id="adrien-23-b000ef-63039b00" start="1629054129181" dump="1629054154645"/><package name="com/mediscreen/proxies"><class name="com/mediscreen/proxies/MicroservicePatientProxy" sourcefilename="MicroservicePatientProxy.java"/><class name="com/mediscreen/proxies/MicroserviceNoteProxy" sourcefilename="MicroserviceNoteProxy.java"/><sourcefile name="MicroserviceNoteProxy.java"/><sourcefile name="MicroservicePatientProxy.java"/></package><package name="com/mediscreen/controllers"><class name="com/mediscreen/controllers/ReportRestController" sourcefilename="ReportRestController.java"><method name="&lt;clinit&gt;" desc="()V" line="18"><counter type="INSTRUCTION" missed="0" covered="4"/><counter type="LINE" missed="0" covered="1"/><counter type="COMPLEXITY" missed="0" covered="1"/><counter type="METHOD" missed="0" covered="1"/></method><method name="&lt;init&gt;" desc="()V" line="16"><counter type="INSTRUCTION" missed="0" covered="3"/><counter type="LINE" missed="0" covered="1"/><counter type="COMPLEXITY" missed="0" covered="1"/><counter type="METHOD" missed="0" covered="1"/></method><method name="generateReport" desc="(I)Ljava/lang/String;" line="35"><counter type="INSTRUCTION" missed="0" covered="27"/><counter type="LINE" missed="0" covered="7"/><counter type="COMPLEXITY" missed="0" covered="1"/><counter type="METHOD" missed="0" covered="1"/></method><method name="generateReportFromFamily" desc="(Ljava/lang/String;)Ljava/lang/String;" line="53"><counter type="INSTRUCTION" missed="0" covered="28"/><counter type="LINE" missed="0" covered="7"/><counter type="COMPLEXITY" missed="0" covered="1"/><counter type="METHOD" missed="0" covered="1"/></method><counter type="INSTRUCTION" missed="0" covered="62"/><counter type="LINE" missed="0" covered="16"/><counter type="COMPLEXITY" missed="0" covered="4"/><counter type="METHOD" missed="0" covered="4"/><counter type="CLASS" missed="0" covered="1"/></class><sourcefile name="ReportRestController.java"><line nr="16" mi="0" ci="3" mb="0" cb="0"/><line nr="18" mi="0" ci="4" mb="0" cb="0"/><line nr="35" mi="0" ci="3" mb="0" cb="0"/><line nr="36" mi="0" ci="6" mb="0" cb="0"/><line nr="37" mi="0" ci="5" mb="0" cb="0"/><line nr="38" mi="0" ci="2" mb="0" cb="0"/><line nr="39" mi="0" ci="5" mb="0" cb="0"/><line nr="40" mi="0" ci="4" mb="0" cb="0"/><line nr="41" mi="0" ci="2" mb="0" cb="0"/><line nr="53" mi="0" ci="3" mb="0" cb="0"/><line nr="54" mi="0" ci="5" mb="0" cb="0"/><line nr="55" mi="0" ci="7" mb="0" cb="0"/><line nr="56" mi="0" ci="2" mb="0" cb="0"/><line nr="57" mi="0" ci="5" mb="0" cb="0"/><line nr="58" mi="0" ci="4" mb="0" cb="0"/><line nr="59" mi="0" ci="2" mb="0" cb="0"/><counter type="INSTRUCTION" missed="0" covered="62"/><counter type="LINE" missed="0" covered="16"/><counter type="COMPLEXITY" missed="0" covered="4"/><counter type="METHOD" missed="0" covered="4"/><counter type="CLASS" missed="0" covered="1"/></sourcefile><counter type="INSTRUCTION" missed="0" covered="62"/><counter type="LINE" missed="0" covered="16"/><counter type="COMPLEXITY" missed="0" covered="4"/><counter type="METHOD" missed="0" covered="4"/><counter type="CLASS" missed="0" covered="1"/></package><package name="com/mediscreen/service"><class name="com/mediscreen/service/PatientService" sourcefilename="PatientService.java"/><class name="com/mediscreen/service/PatientServiceImpl" sourcefilename="PatientServiceImpl.java"><method name="&lt;clinit&gt;" desc="()V" line="16"><counter type="INSTRUCTION" missed="0" covered="4"/><counter type="LINE" missed="0" covered="1"/><counter type="COMPLEXITY" missed="0" covered="1"/><counter type="METHOD" missed="0" covered="1"/></method><method name="&lt;init&gt;" desc="()V" line="14"><counter type="INSTRUCTION" missed="0" covered="3"/><counter type="LINE" missed="0" covered="1"/><counter type="COMPLEXITY" missed="0" covered="1"/><counter type="METHOD" missed="0" covered="1"/></method><method name="doesPatientExist" desc="(Ljava/lang/Integer;)Z" line="29"><counter type="INSTRUCTION" missed="0" covered="10"/><counter type="LINE" missed="0" covered="3"/><counter type="COMPLEXITY" missed="0" covered="1"/><counter type="METHOD" missed="0" covered="1"/></method><method name="getPatient" desc="(Ljava/lang/String;)Lcom/mediscreen/model/Patient;" line="42"><counter type="INSTRUCTION" missed="0" covered="10"/><counter type="LINE" missed="0" covered="3"/><counter type="COMPLEXITY" missed="0" covered="1"/><counter type="METHOD" missed="0" covered="1"/></method><method name="getPatientAge" desc="(Ljava/lang/String;)I" line="55"><counter type="INSTRUCTION" missed="19" covered="0"/><counter type="LINE" missed="6" covered="0"/><counter type="COMPLEXITY" missed="1" covered="0"/><counter type="METHOD" missed="1" covered="0"/></method><counter type="INSTRUCTION" missed="19" covered="27"/><counter type="LINE" missed="6" covered="8"/><counter type="COMPLEXITY" missed="1" covered="4"/><counter type="METHOD" missed="1" covered="4"/><counter type="CLASS" missed="0" covered="1"/></class><class name="com/mediscreen/service/TriggerService" sourcefilename="TriggerService.java"/><class name="com/mediscreen/service/TriggerServiceImpl" sourcefilename="TriggerServiceImpl.java"><method name="&lt;init&gt;" desc="()V" line="9"><counter type="INSTRUCTION" missed="0" covered="3"/><counter type="LINE" missed="0" covered="1"/><counter type="COMPLEXITY" missed="0" covered="1"/><counter type="METHOD" missed="0" covered="1"/></method><method name="countTrigger" desc="(Ljava/util/List;)I" line="19"><counter type="INSTRUCTION" missed="0" covered="221"/><counter type="BRANCH" missed="0" covered="6"/><counter type="LINE" missed="0" covered="25"/><counter type="COMPLEXITY" missed="0" covered="4"/><counter type="METHOD" missed="0" covered="1"/></method><counter type="INSTRUCTION" missed="0" covered="224"/><counter type="BRANCH" missed="0" covered="6"/><counter type="LINE" missed="0" covered="26"/><counter type="COMPLEXITY" missed="0" covered="5"/><counter type="METHOD" missed="0" covered="2"/><counter type="CLASS" missed="0" covered="1"/></class><class name="com/mediscreen/service/ReportService" sourcefilename="ReportService.java"/><class name="com/mediscreen/service/ReportServiceImpl" sourcefilename="ReportServiceImpl.java"><method name="&lt;clinit&gt;" desc="()V" line="16"><counter type="INSTRUCTION" missed="0" covered="4"/><counter type="LINE" missed="0" covered="1"/><counter type="COMPLEXITY" missed="0" covered="1"/><counter type="METHOD" missed="0" covered="1"/></method><method name="&lt;init&gt;" desc="()V" line="14"><counter type="INSTRUCTION" missed="0" covered="3"/><counter type="LINE" missed="0" covered="1"/><counter type="COMPLEXITY" missed="0" covered="1"/><counter type="METHOD" missed="0" covered="1"/></method><method name="generateReport" desc="(I)Ljava/lang/String;" line="38"><counter type="INSTRUCTION" missed="0" covered="49"/><counter type="LINE" missed="0" covered="9"/><counter type="COMPLEXITY" missed="0" covered="1"/><counter type="METHOD" missed="0" covered="1"/></method><method name="createReport" desc="(IILjava/lang/String;Ljava/lang/String;Ljava/lang/String;)Ljava/lang/String;" line="60"><counter type="INSTRUCTION" missed="0" covered="74"/><counter type="BRANCH" missed="3" covered="19"/><counter type="LINE" missed="0" covered="21"/><counter type="COMPLEXITY" missed="3" covered="9"/><counter type="METHOD" missed="0" covered="1"/></method><counter type="INSTRUCTION" missed="0" covered="130"/><counter type="BRANCH" missed="3" covered="19"/><counter type="LINE" missed="0" covered="32"/><counter type="COMPLEXITY" missed="3" covered="12"/><counter type="METHOD" missed="0" covered="4"/><counter type="CLASS" missed="0" covered="1"/></class><sourcefile name="TriggerService.java"/><sourcefile name="PatientServiceImpl.java"><line nr="14" mi="0" ci="3" mb="0" cb="0"/><line nr="16" mi="0" ci="4" mb="0" cb="0"/><line nr="29" mi="0" ci="3" mb="0" cb="0"/><line nr="30" mi="0" ci="5" mb="0" cb="0"/><line nr="31" mi="0" ci="2" mb="0" cb="0"/><line nr="42" mi="0" ci="3" mb="0" cb="0"/><line nr="43" mi="0" ci="5" mb="0" cb="0"/><line nr="44" mi="0" ci="2" mb="0" cb="0"/><line nr="55" mi="3" ci="0" mb="0" cb="0"/><line nr="56" mi="3" ci="0" mb="0" cb="0"/><line nr="57" mi="4" ci="0" mb="0" cb="0"/><line nr="58" mi="4" ci="0" mb="0" cb="0"/><line nr="59" mi="3" ci="0" mb="0" cb="0"/><line nr="60" mi="2" ci="0" mb="0" cb="0"/><counter type="INSTRUCTION" missed="19" covered="27"/><counter type="LINE" missed="6" covered="8"/><counter type="COMPLEXITY" missed="1" covered="4"/><counter type="METHOD" missed="1" covered="4"/><counter type="CLASS" missed="0" covered="1"/></sourcefile><sourcefile name="ReportService.java"/><sourcefile name="ReportServiceImpl.java"><line nr="14" mi="0" ci="3" mb="0" cb="0"/><line nr="16" mi="0" ci="4" mb="0" cb="0"/><line nr="38" mi="0" ci="3" mb="0" cb="0"/><line nr="39" mi="0" ci="6" mb="0" cb="0"/><line nr="40" mi="0" ci="5" mb="0" cb="0"/><line nr="41" mi="0" ci="5" mb="0" cb="0"/><line nr="42" mi="0" ci="9" mb="0" cb="0"/><line nr="43" mi="0" ci="6" mb="0" cb="0"/><line nr="44" mi="0" ci="3" mb="0" cb="0"/><line nr="45" mi="0" ci="10" mb="0" cb="0"/><line nr="46" mi="0" ci="2" mb="0" cb="0"/><line nr="60" mi="0" ci="3" mb="0" cb="0"/><line nr="61" mi="0" ci="2" mb="0" cb="0"/><line nr="63" mi="0" ci="3" mb="0" cb="2"/><line nr="65" mi="0" ci="4" mb="0" cb="2"/><line nr="66" mi="0" ci="3" mb="1" cb="1"/><line nr="67" mi="0" ci="2" mb="0" cb="0"/><line nr="69" mi="0" ci="3" mb="0" cb="2"/><line nr="70" mi="0" ci="2" mb="0" cb="0"/><line nr="74" mi="0" ci="4" mb="0" cb="2"/><line nr="75" mi="0" ci="3" mb="1" cb="1"/><line nr="76" mi="0" ci="2" mb="0" cb="0"/><line nr="78" mi="0" ci="3" mb="0" cb="2"/><line nr="79" mi="0" ci="2" mb="0" cb="0"/><line nr="85" mi="0" ci="3" mb="0" cb="2"/><line nr="86" mi="0" ci="3" mb="1" cb="1"/><line nr="87" mi="0" ci="2" mb="0" cb="0"/><line nr="89" mi="0" ci="3" mb="0" cb="2"/><line nr="90" mi="0" ci="2" mb="0" cb="0"/><line nr="92" mi="0" ci="3" mb="0" cb="2"/><line nr="93" mi="0" ci="2" mb="0" cb="0"/><line nr="97" mi="0" ci="20" mb="0" cb="0"/><counter type="INSTRUCTION" missed="0" covered="130"/><counter type="BRANCH" missed="3" covered="19"/><counter type="LINE" missed="0" covered="32"/><counter type="COMPLEXITY" missed="3" covered="12"/><counter type="METHOD" missed="0" covered="4"/><counter type="CLASS" missed="0" covered="1"/></sourcefile><sourcefile name="PatientService.java"/><sourcefile name="TriggerServiceImpl.java"><line nr="9" mi="0" ci="3" mb="0" cb="0"/><line nr="19" mi="0" ci="2" mb="0" cb="0"/><line nr="21" mi="0" ci="5" mb="0" cb="0"/><line nr="22" mi="0" ci="13" mb="0" cb="0"/><line nr="23" mi="0" ci="17" mb="0" cb="0"/><line nr="24" mi="0" ci="13" mb="0" cb="0"/><line nr="25" mi="0" ci="21" mb="0" cb="0"/><line nr="26" mi="0" ci="13" mb="0" cb="0"/><line nr="27" mi="0" ci="9" mb="0" cb="0"/><line nr="28" mi="0" ci="13" mb="0" cb="0"/><line nr="29" mi="0" ci="13" mb="0" cb="0"/><line nr="30" mi="0" ci="13" mb="0" cb="0"/><line nr="31" mi="0" ci="13" mb="0" cb="0"/><line nr="32" mi="0" ci="11" mb="0" cb="0"/><line nr="42" mi="0" ci="3" mb="0" cb="0"/><line nr="43" mi="0" ci="2" mb="0" cb="0"/><line nr="44" mi="0" ci="2" mb="0" cb="0"/><line nr="45" mi="0" ci="4" mb="0" cb="0"/><line nr="46" mi="0" ci="9" mb="0" cb="0"/><line nr="49" mi="0" ci="8" mb="0" cb="2"/><line nr="50" mi="0" ci="10" mb="0" cb="2"/><line nr="51" mi="0" ci="10" mb="0" cb="2"/><line nr="52" mi="0" ci="13" mb="0" cb="0"/><line nr="53" mi="0" ci="1" mb="0" cb="0"/><line nr="54" mi="0" ci="1" mb="0" cb="0"/><line nr="65" mi="0" ci="2" mb="0" cb="0"/><counter type="INSTRUCTION" missed="0" covered="224"/><counter type="BRANCH" missed="0" covered="6"/><counter type="LINE" missed="0" covered="26"/><counter type="COMPLEXITY" missed="0" covered="5"/><counter type="METHOD" missed="0" covered="2"/><counter type="CLASS" missed="0" covered="1"/></sourcefile><counter type="INSTRUCTION" missed="19" covered="381"/><counter type="BRANCH" missed="3" covered="25"/><counter type="LINE" missed="6" covered="66"/><counter type="COMPLEXITY" missed="4" covered="21"/><counter type="METHOD" missed="1" covered="10"/><counter type="CLASS" missed="0" covered="3"/></package><counter type="INSTRUCTION" missed="19" covered="443"/><counter type="BRANCH" missed="3" covered="25"/><counter type="LINE" missed="6" covered="82"/><counter type="COMPLEXITY" missed="4" covered="25"/><counter type="METHOD" missed="1" covered="14"/><counter type="CLASS" missed="0" covered="4"/></report>