GROUP,PACKAGE,CLASS,INSTRUCTION_MISSED,INSTRUCTION_COVERED,BRANCH_MISSED,BRANCH_COVERED,LINE_MISSED,LINE_COVERED,COMPLEXITY_MISSED,COMPLEXITY_COVERED,METHOD_MISSED,METHOD_COVERED
mediscreen-report,com.mediscreen.controllers,ReportRestController,0,35,0,0,0,7,0,3,0,3
mediscreen-report,com.mediscreen.service,PatientServiceImpl,0,36,0,0,0,11,0,4,0,4
mediscreen-report,com.mediscreen.service,TriggerServiceImpl,0,104,0,4,0,14,0,4,0,2
mediscreen-report,com.mediscreen.service,ReportServiceImpl,10,123,8,14,4,28,6,9,0,4
